<?xml version="1.0" encoding="UTF-8"?>
<!-- Generated by org.testng.reporters.JUnitXMLReporter -->
<testsuite hostname="JLT01383L2" ignored="0" name="PrestaShop_Automation_Test" tests="3" failures="1" timestamp="04 Oct 2019 06:07:59 GMT" time="43.83" errors="0">
  <testcase name="SignInPageTest" time="0.066" classname="com.prestaonlineshop.qa.testcases.LoginPageTest">
    <failure type="java.lang.AssertionError" message="expected [My Store] but found [Login - My Store]">
      <![CDATA[java.lang.AssertionError: expected [My Store] but found [Login - My Store]
at com.prestaonlineshop.qa.testcases.LoginPageTest.SignInPageTest(LoginPageTest.java:32)
... Removed 31 stack frames]]>
    </failure>
  </testcase> <!-- SignInPageTest -->
  <testcase name="newRegistration_CreateAccount" time="1.335" classname="com.prestaonlineshop.qa.testcases.LoginPageTest"/>
  <testcase name="existingUserLogin" time="2.808" classname="com.prestaonlineshop.qa.testcases.LoginPageTest"/>
</testsuite> <!-- PrestaShop_Automation_Test -->
